<?xml version="1.0" encoding="UTF-8"?>
<testsuite name="com.controller.MoodAnalyserTest" tests="1" skipped="0" failures="0" errors="0" timestamp="2021-07-05T13:22:54" hostname="DESKTOP-8P64EGP" time="0.047">
  <properties/>
  <testcase name="givenEmpty_ToMoodAnalyser_ReturnsCorrectException()" classname="com.controller.MoodAnalyserTest" time="0.047"/>
  <system-out><![CDATA[]]></system-out>
  <system-err><![CDATA[]]></system-err>
</testsuite>
